Arguments: 
  /usr/local/bin/node /usr/local/bin/yarn install

PATH: 
  /opt/homebrew/bin:/opt/homebrew/sbin:/usr/local/bin:/usr/bin:/bin:/usr/sbin:/sbin

Yarn version: 
  1.22.11

Node version: 
  14.17.5

Platform: 
  darwin x64

Trace: 
  SyntaxError: /Users/anjuke/Desktop/FE_project/monorepo_demo/package.json: Unexpected token / in JSON at position 57
      at JSON.parse (<anonymous>)
      at /usr/local/lib/node_modules/yarn/lib/cli.js:1625:59
      at Generator.next (<anonymous>)
      at step (/usr/local/lib/node_modules/yarn/lib/cli.js:310:30)
      at /usr/local/lib/node_modules/yarn/lib/cli.js:321:13

npm manifest: 
  {
    "name": "root",
    "private": true,
    "workspaces": [ // 配置package目录
      "pg1", "pg2", "pg3"
    ],
    "devDependencies": {
      "lerna": "^4.0.0",
      "lerna-update-wizard": "^0.17.8"
    }
  }

yarn manifest: 
  No manifest

Lockfile: 
  No lockfile
